CRITICAL - 2023-05-31 14:40:12 --> syntax error, unexpected token "=>", expecting "]"
in APPPATH\Controllers\Libros.php on line 35.
 1 SYSTEMPATH\Autoloader\Autoloader.php(289): CodeIgniter\Autoloader\Autoloader->includeFile('C:\\xampp\\htdocs\\biblioteca\\app\\Controllers\\Libros.php')
 2 SYSTEMPATH\Autoloader\Autoloader.php(267): CodeIgniter\Autoloader\Autoloader->loadInNamespace('App\\Controllers\\Libros')
 3 [internal function]: CodeIgniter\Autoloader\Autoloader->loadClass('App\\Controllers\\Libros')
 4 SYSTEMPATH\CodeIgniter.php(892): class_exists('\\App\\Controllers\\Libros', true)
 5 SYSTEMPATH\CodeIgniter.php(486): CodeIgniter\CodeIgniter->startController()
 6 SYSTEMPATH\CodeIgniter.php(368): CodeIgniter\CodeIgniter->handleRequest(null, Object(Config\Cache), false)
 7 FCPATH\index.php(67): CodeIgniter\CodeIgniter->run()
CRITICAL - 2023-05-31 14:41:51 --> Undefined constant "App\Controllers\this"
in APPPATH\Controllers\Libros.php on line 30.
 1 SYSTEMPATH\CodeIgniter.php(934): App\Controllers\Libros->guardar()
 2 SYSTEMPATH\CodeIgniter.php(499): CodeIgniter\CodeIgniter->runController(Object(App\Controllers\Libros))
 3 SYSTEMPATH\CodeIgniter.php(368): CodeIgniter\CodeIgniter->handleRequest(null, Object(Config\Cache), false)
 4 FCPATH\index.php(67): CodeIgniter\CodeIgniter->run()
CRITICAL - 2023-05-31 14:42:31 --> Call to undefined method CodeIgniter\HTTP\Files\UploadedFile::getRandomeName()
in APPPATH\Controllers\Libros.php on line 31.
 1 SYSTEMPATH\CodeIgniter.php(934): App\Controllers\Libros->guardar()
 2 SYSTEMPATH\CodeIgniter.php(499): CodeIgniter\CodeIgniter->runController(Object(App\Controllers\Libros))
 3 SYSTEMPATH\CodeIgniter.php(368): CodeIgniter\CodeIgniter->handleRequest(null, Object(Config\Cache), false)
 4 FCPATH\index.php(67): CodeIgniter\CodeIgniter->run()
CRITICAL - 2023-05-31 14:43:07 --> Call to undefined method App\Models\Libro::insertar
in SYSTEMPATH\Model.php on line 842.
 1 APPPATH\Controllers\Libros.php(38): CodeIgniter\Model->__call('insertar', [...])
 2 SYSTEMPATH\CodeIgniter.php(934): App\Controllers\Libros->guardar()
 3 SYSTEMPATH\CodeIgniter.php(499): CodeIgniter\CodeIgniter->runController(Object(App\Controllers\Libros))
 4 SYSTEMPATH\CodeIgniter.php(368): CodeIgniter\CodeIgniter->handleRequest(null, Object(Config\Cache), false)
 5 FCPATH\index.php(67): CodeIgniter\CodeIgniter->run()
CRITICAL - 2023-05-31 15:07:28 --> syntax error, unexpected token "%"
in APPPATH\Views\libros\listar.php on line 23.
 1 SYSTEMPATH\View\View.php(216): CodeIgniter\View\View->CodeIgniter\View\{closure}()
 2 SYSTEMPATH\Common.php(1184): CodeIgniter\View\View->render('libros/listar', [], true)
 3 APPPATH\Controllers\Libros.php(16): view('libros/listar', [...])
 4 SYSTEMPATH\CodeIgniter.php(934): App\Controllers\Libros->index()
 5 SYSTEMPATH\CodeIgniter.php(499): CodeIgniter\CodeIgniter->runController(Object(App\Controllers\Libros))
 6 SYSTEMPATH\CodeIgniter.php(368): CodeIgniter\CodeIgniter->handleRequest(null, Object(Config\Cache), false)
 7 FCPATH\index.php(67): CodeIgniter\CodeIgniter->run()
CRITICAL - 2023-05-31 15:08:27 --> syntax error, unexpected token "?"
in APPPATH\Views\libros\listar.php on line 23.
 1 SYSTEMPATH\View\View.php(216): CodeIgniter\View\View->CodeIgniter\View\{closure}()
 2 SYSTEMPATH\Common.php(1184): CodeIgniter\View\View->render('libros/listar', [], true)
 3 APPPATH\Controllers\Libros.php(16): view('libros/listar', [...])
 4 SYSTEMPATH\CodeIgniter.php(934): App\Controllers\Libros->index()
 5 SYSTEMPATH\CodeIgniter.php(499): CodeIgniter\CodeIgniter->runController(Object(App\Controllers\Libros))
 6 SYSTEMPATH\CodeIgniter.php(368): CodeIgniter\CodeIgniter->handleRequest(null, Object(Config\Cache), false)
 7 FCPATH\index.php(67): CodeIgniter\CodeIgniter->run()
CRITICAL - 2023-05-31 15:08:57 --> syntax error, unexpected token "?"
in APPPATH\Views\libros\listar.php on line 23.
 1 SYSTEMPATH\View\View.php(216): CodeIgniter\View\View->CodeIgniter\View\{closure}()
 2 SYSTEMPATH\Common.php(1184): CodeIgniter\View\View->render('libros/listar', [], true)
 3 APPPATH\Controllers\Libros.php(16): view('libros/listar', [...])
 4 SYSTEMPATH\CodeIgniter.php(934): App\Controllers\Libros->index()
 5 SYSTEMPATH\CodeIgniter.php(499): CodeIgniter\CodeIgniter->runController(Object(App\Controllers\Libros))
 6 SYSTEMPATH\CodeIgniter.php(368): CodeIgniter\CodeIgniter->handleRequest(null, Object(Config\Cache), false)
 7 FCPATH\index.php(67): CodeIgniter\CodeIgniter->run()
CRITICAL - 2023-05-31 15:37:38 --> Undefined variable $libro
in APPPATH\Controllers\Libros.php on line 48.
 1 APPPATH\Controllers\Libros.php(48): CodeIgniter\Debug\Exceptions->errorHandler(2, 'Undefined variable $libro', 'C:\\xampp\\htdocs\\biblioteca\\app\\Controllers\\Libros.php', 48)
 2 SYSTEMPATH\CodeIgniter.php(934): App\Controllers\Libros->borrar('3')
 3 SYSTEMPATH\CodeIgniter.php(499): CodeIgniter\CodeIgniter->runController(Object(App\Controllers\Libros))
 4 SYSTEMPATH\CodeIgniter.php(368): CodeIgniter\CodeIgniter->handleRequest(null, Object(Config\Cache), false)
 5 FCPATH\index.php(67): CodeIgniter\CodeIgniter->run()
CRITICAL - 2023-05-31 15:40:00 --> unlink(../../public/uploads1685544253_251cd5b4b7918c72fccc.png): No such file or directory
in APPPATH\Controllers\Libros.php on line 51.
 1 [internal function]: CodeIgniter\Debug\Exceptions->errorHandler(2, 'unlink(../../public/uploads1685544253_251cd5b4b7918c72fccc.png): No such file or directory', 'C:\\xampp\\htdocs\\biblioteca\\app\\Controllers\\Libros.php', 51)
 2 APPPATH\Controllers\Libros.php(51): unlink('../../public/uploads1685544253_251cd5b4b7918c72fccc.png')
 3 SYSTEMPATH\CodeIgniter.php(934): App\Controllers\Libros->borrar('3')
 4 SYSTEMPATH\CodeIgniter.php(499): CodeIgniter\CodeIgniter->runController(Object(App\Controllers\Libros))
 5 SYSTEMPATH\CodeIgniter.php(368): CodeIgniter\CodeIgniter->handleRequest(null, Object(Config\Cache), false)
 6 FCPATH\index.php(67): CodeIgniter\CodeIgniter->run()
CRITICAL - 2023-05-31 15:40:30 --> unlink(../public/uploads1685544253_251cd5b4b7918c72fccc.png): No such file or directory
in APPPATH\Controllers\Libros.php on line 51.
 1 [internal function]: CodeIgniter\Debug\Exceptions->errorHandler(2, 'unlink(../public/uploads1685544253_251cd5b4b7918c72fccc.png): No such file or directory', 'C:\\xampp\\htdocs\\biblioteca\\app\\Controllers\\Libros.php', 51)
 2 APPPATH\Controllers\Libros.php(51): unlink('../public/uploads1685544253_251cd5b4b7918c72fccc.png')
 3 SYSTEMPATH\CodeIgniter.php(934): App\Controllers\Libros->borrar('3')
 4 SYSTEMPATH\CodeIgniter.php(499): CodeIgniter\CodeIgniter->runController(Object(App\Controllers\Libros))
 5 SYSTEMPATH\CodeIgniter.php(368): CodeIgniter\CodeIgniter->handleRequest(null, Object(Config\Cache), false)
 6 FCPATH\index.php(67): CodeIgniter\CodeIgniter->run()
CRITICAL - 2023-05-31 15:40:46 --> unlink(../public/uploads1685544253_251cd5b4b7918c72fccc.png): No such file or directory
in APPPATH\Controllers\Libros.php on line 51.
 1 [internal function]: CodeIgniter\Debug\Exceptions->errorHandler(2, 'unlink(../public/uploads1685544253_251cd5b4b7918c72fccc.png): No such file or directory', 'C:\\xampp\\htdocs\\biblioteca\\app\\Controllers\\Libros.php', 51)
 2 APPPATH\Controllers\Libros.php(51): unlink('../public/uploads1685544253_251cd5b4b7918c72fccc.png')
 3 SYSTEMPATH\CodeIgniter.php(934): App\Controllers\Libros->borrar('3')
 4 SYSTEMPATH\CodeIgniter.php(499): CodeIgniter\CodeIgniter->runController(Object(App\Controllers\Libros))
 5 SYSTEMPATH\CodeIgniter.php(368): CodeIgniter\CodeIgniter->handleRequest(null, Object(Config\Cache), false)
 6 FCPATH\index.php(67): CodeIgniter\CodeIgniter->run()
CRITICAL - 2023-05-31 15:42:14 --> unlink(../../public/uploads/1685544253_251cd5b4b7918c72fccc.png): No such file or directory
in APPPATH\Controllers\Libros.php on line 51.
 1 [internal function]: CodeIgniter\Debug\Exceptions->errorHandler(2, 'unlink(../../public/uploads/1685544253_251cd5b4b7918c72fccc.png): No such file or directory', 'C:\\xampp\\htdocs\\biblioteca\\app\\Controllers\\Libros.php', 51)
 2 APPPATH\Controllers\Libros.php(51): unlink('../../public/uploads/1685544253_251cd5b4b7918c72fccc.png')
 3 SYSTEMPATH\CodeIgniter.php(934): App\Controllers\Libros->borrar('3')
 4 SYSTEMPATH\CodeIgniter.php(499): CodeIgniter\CodeIgniter->runController(Object(App\Controllers\Libros))
 5 SYSTEMPATH\CodeIgniter.php(368): CodeIgniter\CodeIgniter->handleRequest(null, Object(Config\Cache), false)
 6 FCPATH\index.php(67): CodeIgniter\CodeIgniter->run()
CRITICAL - 2023-05-31 15:42:17 --> unlink(../../public/uploads/1685544253_251cd5b4b7918c72fccc.png): No such file or directory
in APPPATH\Controllers\Libros.php on line 51.
 1 [internal function]: CodeIgniter\Debug\Exceptions->errorHandler(2, 'unlink(../../public/uploads/1685544253_251cd5b4b7918c72fccc.png): No such file or directory', 'C:\\xampp\\htdocs\\biblioteca\\app\\Controllers\\Libros.php', 51)
 2 APPPATH\Controllers\Libros.php(51): unlink('../../public/uploads/1685544253_251cd5b4b7918c72fccc.png')
 3 SYSTEMPATH\CodeIgniter.php(934): App\Controllers\Libros->borrar('3')
 4 SYSTEMPATH\CodeIgniter.php(499): CodeIgniter\CodeIgniter->runController(Object(App\Controllers\Libros))
 5 SYSTEMPATH\CodeIgniter.php(368): CodeIgniter\CodeIgniter->handleRequest(null, Object(Config\Cache), false)
 6 FCPATH\index.php(67): CodeIgniter\CodeIgniter->run()
